<?xml version="1.0" encoding="UTF-8"?>
<!-- Generated by org.testng.reporters.JUnitXMLReporter -->
<testsuite hostname="DESKTOP-AA4AD8I" ignored="3" name="ChromeTest" tests="1" failures="0" timestamp="02 Oct 2019 01:04:24 GMT" time="15.491" errors="0">
  <testcase name="amazon" time="3.838" classname="com.selenium.SampleMavenProject.TC_001"/>
  <testcase name="checkboxTest" time="0.0" classname="com.selenium.SampleMavenProject.CheckBox1">
    <ignored/>
  </testcase> <!-- checkboxTest -->
  <testcase name="linktesting1" time="0.0" classname="com.selenium.SampleMavenProject.LinksTesting1">
    <ignored/>
  </testcase> <!-- linktesting1 -->
  <testcase name="radioButton1" time="0.0" classname="com.selenium.SampleMavenProject.RadioButton1">
    <ignored/>
  </testcase> <!-- radioButton1 -->
</testsuite> <!-- ChromeTest -->
