<?xml version="1.0" encoding="UTF-8"?>
<!-- Generated by org.testng.reporters.JUnitXMLReporter -->
<testsuite hostname="DESKTOP-AA4AD8I" ignored="0" name="RegressionTest" tests="4" failures="0" timestamp="01 Oct 2019 01:14:00 GMT" time="48.077" errors="0">
  <testcase name="radioButton1" time="0.218" classname="com.selenium.SampleMavenProject.RadioButton1"/>
  <testcase name="amazon" time="8.056" classname="com.selenium.SampleMavenProject.TC_001"/>
  <testcase name="checkboxTest" time="0.231" classname="com.selenium.SampleMavenProject.CheckBox1"/>
  <testcase name="linktesting1" time="1.635" classname="com.selenium.SampleMavenProject.LinksTesting1"/>
</testsuite> <!-- RegressionTest -->
